<?xml version="1.0" encoding="UTF-8"?>
<!-- Generated by org.testng.reporters.JUnitReportReporter -->
<testsuite hostname="Vaibhav-HP" failures="0" tests="1" name="testCases.LoginTest" time="4.867" errors="0" timestamp="2024-07-10T23:18:56 IST" skipped="0">
  <testcase classname="testCases.LoginTest" name="login" time="4.867"/>
</testsuite> <!-- testCases.LoginTest -->
