<?xml version="1.0" encoding="UTF-8"?>
<!-- Generated by org.testng.reporters.JUnitReportReporter -->
<testsuite hostname="Vaibhav-HP" failures="0" tests="1" name="testCases.LoginTest" time="2.635" errors="0" timestamp="2024-07-11T17:58:14 IST" skipped="0">
  <testcase classname="testCases.LoginTest" name="login" time="2.635"/>
</testsuite> <!-- testCases.LoginTest -->
