<?xml version="1.0" encoding="UTF-8"?>
<!-- Generated by org.testng.reporters.JUnitReportReporter -->
<testsuite hostname="Vaibhav-HP" failures="0" tests="1" name="testCases.AddCustomerTest" time="16.199" errors="0" timestamp="2024-07-11T17:53:25 IST" skipped="0">
  <testcase classname="testCases.AddCustomerTest" name="addNewCustomer" time="16.199"/>
</testsuite> <!-- testCases.AddCustomerTest -->
